C:\WORK_PROJ3\MEDIAPROGMFC\DEBUG\ACTIVATION.OBJ
C:\WORK_PROJ3\MEDIAPROGMFC\DEBUG\CHARTVIEWER.OBJ
C:\work_proj3\MediaProgMfc\Debug\cl.command.1.tlog
C:\work_proj3\MediaProgMfc\Debug\CL.read.1.tlog
C:\work_proj3\MediaProgMfc\Debug\CL.write.1.tlog
C:\WORK_PROJ3\MEDIAPROGMFC\DEBUG\COLLECTIONDLG.OBJ
C:\WORK_PROJ3\MEDIAPROGMFC\DEBUG\CPROJECT.OBJ
C:\WORK_PROJ3\MEDIAPROGMFC\DEBUG\DATA.OBJ
C:\WORK_PROJ3\MEDIAPROGMFC\DEBUG\DATAREADER.OBJ
C:\WORK_PROJ3\MEDIAPROGMFC\DEBUG\ENCOG.OBJ
C:\WORK_PROJ3\MEDIAPROGMFC\DEBUG\ERRORCALC.OBJ
C:\WORK_PROJ3\MEDIAPROGMFC\DEBUG\ERRORS.OBJ
C:\WORK_PROJ3\MEDIAPROGMFC\DEBUG\FEEDFORWARD_NEURAL_NETWORK.OBJ
C:\WORK_PROJ3\MEDIAPROGMFC\DEBUG\FILTERTUNER.OBJ
C:\WORK_PROJ3\MEDIAPROGMFC\DEBUG\HASH.OBJ
C:\work_proj3\MediaProgMfc\Debug\link.10936.read.1.tlog
C:\work_proj3\MediaProgMfc\Debug\link.10936.write.1.tlog
C:\work_proj3\MediaProgMfc\Debug\link.10936-cvtres.read.1.tlog
C:\work_proj3\MediaProgMfc\Debug\link.10936-cvtres.write.1.tlog
C:\work_proj3\MediaProgMfc\Debug\link.command.1.tlog
C:\work_proj3\MediaProgMfc\Debug\link.read.1.tlog
C:\work_proj3\MediaProgMfc\Debug\link.write.1.tlog
C:\work_proj3\MediaProgMfc\Debug\link-cvtres.read.1.tlog
C:\work_proj3\MediaProgMfc\Debug\link-cvtres.write.1.tlog
C:\work_proj3\MediaProgMfc\Debug\link-DW20.read.1.tlog
C:\work_proj3\MediaProgMfc\Debug\link-DW20-dwwin.read.10.tlog
C:\work_proj3\MediaProgMfc\Debug\link-DW20-dwwin.read.2.tlog
C:\work_proj3\MediaProgMfc\Debug\link-DW20-dwwin.read.4.tlog
C:\work_proj3\MediaProgMfc\Debug\link-DW20-dwwin.read.5.tlog
C:\work_proj3\MediaProgMfc\Debug\link-DW20-dwwin.read.7.tlog
C:\work_proj3\MediaProgMfc\Debug\link-DW20-dwwin.read.9.tlog
C:\work_proj3\MediaProgMfc\Debug\link-DW20-dwwin.write.2.tlog
C:\work_proj3\MediaProgMfc\Debug\link-DW20-dwwin.write.7.tlog
C:\WORK_PROJ3\MEDIAPROGMFC\DEBUG\MEDIA.EXE
C:\WORK_PROJ3\MEDIAPROGMFC\DEBUG\MEDIA.EXE.EMBED.MANIFEST
C:\WORK_PROJ3\MEDIAPROGMFC\DEBUG\MEDIA.EXE.EMBED.MANIFEST.RES
C:\WORK_PROJ3\MEDIAPROGMFC\DEBUG\MEDIA.EXE.INTERMEDIATE.MANIFEST
C:\work_proj3\MediaProgMfc\Debug\Media.exp
C:\WORK_PROJ3\MEDIAPROGMFC\DEBUG\MEDIA.ILK
C:\work_proj3\MediaProgMfc\Debug\Media.lib
C:\WORK_PROJ3\MEDIAPROGMFC\DEBUG\MEDIA.OBJ
C:\WORK_PROJ3\MEDIAPROGMFC\DEBUG\MEDIA.PCH
C:\WORK_PROJ3\MEDIAPROGMFC\DEBUG\MEDIA.PDB
C:\WORK_PROJ3\MEDIAPROGMFC\DEBUG\MEDIA.RES
C:\work_proj3\MediaProgMfc\Debug\Media.vcxprojResolveAssemblyReference.cache
C:\work_proj3\MediaProgMfc\Debug\Media.write.1.tlog
C:\work_proj3\MediaProgMfc\Debug\Media_manifest.rc
C:\WORK_PROJ3\MEDIAPROGMFC\DEBUG\MEDIADLG.OBJ
C:\WORK_PROJ3\MEDIAPROGMFC\DEBUG\MEDIAHANDLER.OBJ
C:\work_proj3\MediaProgMfc\Debug\mt.command.1.tlog
C:\work_proj3\MediaProgMfc\Debug\mt.read.1.tlog
C:\work_proj3\MediaProgMfc\Debug\mt.write.1.tlog
C:\WORK_PROJ3\MEDIAPROGMFC\DEBUG\NAMEDPIPE.OBJ
C:\WORK_PROJ3\MEDIAPROGMFC\DEBUG\NETWORK.OBJ
C:\WORK_PROJ3\MEDIAPROGMFC\DEBUG\NETWORK_IO.OBJ
C:\WORK_PROJ3\MEDIAPROGMFC\DEBUG\NETWORKANALYZERCTR.OBJ
C:\WORK_PROJ3\MEDIAPROGMFC\DEBUG\NEURALNETWORK.OBJ
C:\WORK_PROJ3\MEDIAPROGMFC\DEBUG\NEURALNETWORKTRAINER.OBJ
C:\WORK_PROJ3\MEDIAPROGMFC\DEBUG\NM.OBJ
C:\WORK_PROJ3\MEDIAPROGMFC\DEBUG\OBJECT.OBJ
C:\WORK_PROJ3\MEDIAPROGMFC\DEBUG\PREDICTIONDLG.OBJ
C:\WORK_PROJ3\MEDIAPROGMFC\DEBUG\PSO.OBJ
C:\work_proj3\MediaProgMfc\Debug\rc.command.1.tlog
C:\work_proj3\MediaProgMfc\Debug\rc.read.1.tlog
C:\work_proj3\MediaProgMfc\Debug\rc.write.1.tlog
C:\WORK_PROJ3\MEDIAPROGMFC\DEBUG\RPROP.OBJ
C:\WORK_PROJ3\MEDIAPROGMFC\DEBUG\SOCKETCOMM.OBJ
C:\WORK_PROJ3\MEDIAPROGMFC\DEBUG\STDAFX.OBJ
C:\WORK_PROJ3\MEDIAPROGMFC\DEBUG\TINYXML2.OBJ
C:\WORK_PROJ3\MEDIAPROGMFC\DEBUG\TRAIN.OBJ
C:\WORK_PROJ3\MEDIAPROGMFC\DEBUG\UTIL.OBJ
C:\WORK_PROJ3\MEDIAPROGMFC\DEBUG\UTIL_FILE.OBJ
C:\WORK_PROJ3\MEDIAPROGMFC\DEBUG\UTIL_STR.OBJ
C:\work_proj3\MediaProgMfc\Debug\vc100.idb
C:\WORK_PROJ3\MEDIAPROGMFC\DEBUG\VC100.PDB
C:\WORK_PROJ3\MEDIAPROGMFC\DEBUG\VECTOR.OBJ
