Build started 2016-10-23 오전 11:17:20.
     1>Project "C:\work_proj3\MediaProgMfc\Media.vcxproj" on node 2 (build target(s)).
     1>InitializeBuildStatus:
         Creating "Debug\Media.unsuccessfulbuild" because "AlwaysCreate" was specified.
       ClCompile:
         C:\Program Files (x86)\Microsoft Visual Studio 10.0\VC\bin\CL.exe /c /ZI /nologo /W3 /WX- /Od /Oy- /D WIN32 /D _WINDOWS /D _DEBUG /D _UNICODE /D UNICODE /D _AFXDLL /Gm /EHsc /RTC1 /MDd /GS /fp:precise /Zc:wchar_t /Zc:forScope /Yc"StdAfx.h" /Fp"Debug\Media.pch" /Fo"Debug\\" /Fd"Debug\vc100.pdb" /Gd /TP /analyze- /errorReport:prompt stdafx.cpp
         stdafx.cpp
         C:\Program Files (x86)\Microsoft Visual Studio 10.0\VC\bin\CL.exe /c /ZI /nologo /W3 /WX- /Od /Oy- /D WIN32 /D _WINDOWS /D _DEBUG /D _UNICODE /D UNICODE /D _AFXDLL /Gm /EHsc /RTC1 /MDd /GS /fp:precise /Zc:wchar_t /Zc:forScope /Yu"StdAfx.h" /Fp"Debug\Media.pch" /Fo"Debug\\" /Fd"Debug\vc100.pdb" /Gd /TP /analyze- /errorReport:prompt ChartViewer.cpp CollectionDlg.cpp Feedforward_Neural_Network.cpp "Fetch Lib\CProject.cpp" "Fetch Lib\NetworkAnalyzerCtr.cpp" FilterTuner.cpp Media.cpp MediaDlg.cpp MediaHandler.cpp NamedPipe.cpp PredictionDlg.cpp Rprop.cpp Rprop_Network.cpp SocketComm.cpp "Tiny Xml Lib\tinyxml2.cpp" TrayIconMng.cpp
         TrayIconMng.cpp
     1>c:\work_proj3\mediaprogmfc\trayiconmng.cpp(65): warning C4996: 'sprintf': This function or variable may be unsafe. Consider using sprintf_s instead. To disable deprecation, use _CRT_SECURE_NO_WARNINGS. See online help for details.
                 c:\program files (x86)\microsoft visual studio 10.0\vc\include\stdio.h(371) : see declaration of 'sprintf'
         tinyxml2.cpp
         SocketComm.cpp
         Rprop_Network.cpp
     1>c:\work_proj3\mediaprogmfc\rprop_network.cpp(97): warning C4996: 'strcpy': This function or variable may be unsafe. Consider using strcpy_s instead. To disable deprecation, use _CRT_SECURE_NO_WARNINGS. See online help for details.
                 c:\program files (x86)\microsoft visual studio 10.0\vc\include\string.h(105) : see declaration of 'strcpy'
     1>c:\work_proj3\mediaprogmfc\rprop_network.cpp(101): warning C4996: 'strtok': This function or variable may be unsafe. Consider using strtok_s instead. To disable deprecation, use _CRT_SECURE_NO_WARNINGS. See online help for details.
                 c:\program files (x86)\microsoft visual studio 10.0\vc\include\string.h(197) : see declaration of 'strtok'
     1>c:\work_proj3\mediaprogmfc\rprop_network.cpp(108): warning C4996: 'strtok': This function or variable may be unsafe. Consider using strtok_s instead. To disable deprecation, use _CRT_SECURE_NO_WARNINGS. See online help for details.
                 c:\program files (x86)\microsoft visual studio 10.0\vc\include\string.h(197) : see declaration of 'strtok'
     1>c:\work_proj3\mediaprogmfc\rprop_network.cpp(351): warning C4258: 'i' : definition from the for loop is ignored; the definition from the enclosing scope is used
                 c:\work_proj3\mediaprogmfc\rprop_network.cpp(336) : definition of 'i' ignored
                 c:\work_proj3\mediaprogmfc\rprop_network.cpp(289) : definition of 'i' used
     1>c:\work_proj3\mediaprogmfc\rprop_network.cpp(366): warning C4258: 'i' : definition from the for loop is ignored; the definition from the enclosing scope is used
                 c:\work_proj3\mediaprogmfc\rprop_network.cpp(357) : definition of 'i' ignored
                 c:\work_proj3\mediaprogmfc\rprop_network.cpp(289) : definition of 'i' used
     1>c:\work_proj3\mediaprogmfc\rprop_network.cpp(366): warning C4258: 'i' : definition from the for loop is ignored; the definition from the enclosing scope is used
                 c:\work_proj3\mediaprogmfc\rprop_network.cpp(357) : definition of 'i' ignored
                 c:\work_proj3\mediaprogmfc\rprop_network.cpp(289) : definition of 'i' used
     1>c:\work_proj3\mediaprogmfc\rprop_network.cpp(509): warning C4996: 'strcpy': This function or variable may be unsafe. Consider using strcpy_s instead. To disable deprecation, use _CRT_SECURE_NO_WARNINGS. See online help for details.
                 c:\program files (x86)\microsoft visual studio 10.0\vc\include\string.h(105) : see declaration of 'strcpy'
     1>c:\work_proj3\mediaprogmfc\rprop_network.cpp(515): warning C4996: 'strtok': This function or variable may be unsafe. Consider using strtok_s instead. To disable deprecation, use _CRT_SECURE_NO_WARNINGS. See online help for details.
                 c:\program files (x86)\microsoft visual studio 10.0\vc\include\string.h(197) : see declaration of 'strtok'
     1>c:\work_proj3\mediaprogmfc\rprop_network.cpp(523): warning C4996: 'strtok': This function or variable may be unsafe. Consider using strtok_s instead. To disable deprecation, use _CRT_SECURE_NO_WARNINGS. See online help for details.
                 c:\program files (x86)\microsoft visual studio 10.0\vc\include\string.h(197) : see declaration of 'strtok'
         Rprop.cpp
     1>c:\work_proj3\mediaprogmfc\rprop.cpp(559): warning C4101: 'i' : unreferenced local variable
     1>c:\work_proj3\mediaprogmfc\rprop.cpp(559): warning C4101: 'j' : unreferenced local variable
     1>c:\work_proj3\mediaprogmfc\rprop.cpp(726): warning C4996: 'strcpy': This function or variable may be unsafe. Consider using strcpy_s instead. To disable deprecation, use _CRT_SECURE_NO_WARNINGS. See online help for details.
                 c:\program files (x86)\microsoft visual studio 10.0\vc\include\string.h(105) : see declaration of 'strcpy'
     1>c:\work_proj3\mediaprogmfc\rprop.cpp(729): warning C4996: 'strtok': This function or variable may be unsafe. Consider using strtok_s instead. To disable deprecation, use _CRT_SECURE_NO_WARNINGS. See online help for details.
                 c:\program files (x86)\microsoft visual studio 10.0\vc\include\string.h(197) : see declaration of 'strtok'
     1>c:\work_proj3\mediaprogmfc\rprop.cpp(737): warning C4996: 'strtok': This function or variable may be unsafe. Consider using strtok_s instead. To disable deprecation, use _CRT_SECURE_NO_WARNINGS. See online help for details.
                 c:\program files (x86)\microsoft visual studio 10.0\vc\include\string.h(197) : see declaration of 'strtok'
     1>c:\work_proj3\mediaprogmfc\rprop.cpp(873): warning C4101: 'i' : unreferenced local variable
     1>c:\work_proj3\mediaprogmfc\rprop.cpp(873): warning C4101: 'j' : unreferenced local variable
     1>c:\work_proj3\mediaprogmfc\rprop.cpp(909): warning C4996: 'strcpy': This function or variable may be unsafe. Consider using strcpy_s instead. To disable deprecation, use _CRT_SECURE_NO_WARNINGS. See online help for details.
                 c:\program files (x86)\microsoft visual studio 10.0\vc\include\string.h(105) : see declaration of 'strcpy'
     1>c:\work_proj3\mediaprogmfc\rprop.cpp(913): warning C4996: 'strtok': This function or variable may be unsafe. Consider using strtok_s instead. To disable deprecation, use _CRT_SECURE_NO_WARNINGS. See online help for details.
                 c:\program files (x86)\microsoft visual studio 10.0\vc\include\string.h(197) : see declaration of 'strtok'
     1>c:\work_proj3\mediaprogmfc\rprop.cpp(920): warning C4996: 'strtok': This function or variable may be unsafe. Consider using strtok_s instead. To disable deprecation, use _CRT_SECURE_NO_WARNINGS. See online help for details.
                 c:\program files (x86)\microsoft visual studio 10.0\vc\include\string.h(197) : see declaration of 'strtok'
     1>c:\work_proj3\mediaprogmfc\rprop.cpp(943): warning C4018: '<' : signed/unsigned mismatch
         PredictionDlg.cpp
     1>c:\work_proj3\mediaprogmfc\predictiondlg.cpp(34): warning C4154: deletion of an array expression; conversion to pointer supplied
     1>c:\work_proj3\mediaprogmfc\predictiondlg.cpp(258): warning C4996: 'sprintf': This function or variable may be unsafe. Consider using sprintf_s instead. To disable deprecation, use _CRT_SECURE_NO_WARNINGS. See online help for details.
                 c:\program files (x86)\microsoft visual studio 10.0\vc\include\stdio.h(371) : see declaration of 'sprintf'
     1>c:\work_proj3\mediaprogmfc\predictiondlg.cpp(326): warning C4996: 'sprintf': This function or variable may be unsafe. Consider using sprintf_s instead. To disable deprecation, use _CRT_SECURE_NO_WARNINGS. See online help for details.
                 c:\program files (x86)\microsoft visual studio 10.0\vc\include\stdio.h(371) : see declaration of 'sprintf'
     1>c:\work_proj3\mediaprogmfc\predictiondlg.cpp(330): warning C4996: 'sprintf': This function or variable may be unsafe. Consider using sprintf_s instead. To disable deprecation, use _CRT_SECURE_NO_WARNINGS. See online help for details.
                 c:\program files (x86)\microsoft visual studio 10.0\vc\include\stdio.h(371) : see declaration of 'sprintf'
     1>c:\work_proj3\mediaprogmfc\predictiondlg.cpp(394): warning C4101: 'i' : unreferenced local variable
         NamedPipe.cpp
     1>c:\work_proj3\mediaprogmfc\namedpipe.cpp(58): warning C4101: 'hPipe' : unreferenced local variable
     1>c:\work_proj3\mediaprogmfc\namedpipe.cpp(79): warning C4101: 'hPipe' : unreferenced local variable
     1>c:\work_proj3\mediaprogmfc\namedpipe.cpp(171): warning C4101: 'cbReplyBytes' : unreferenced local variable
     1>c:\work_proj3\mediaprogmfc\namedpipe.cpp(171): warning C4101: 'cbWritten' : unreferenced local variable
     1>c:\work_proj3\mediaprogmfc\namedpipe.cpp(333): warning C4800: 'int' : forcing value to bool 'true' or 'false' (performance warning)
         MediaHandler.cpp
     1>c:\work_proj3\mediaprogmfc\mediahandler.cpp(32): warning C4482: nonstandard extension used: enum 'MACHINE_STATUS' used in qualified name
     1>c:\work_proj3\mediaprogmfc\mediahandler.cpp(34): warning C4244: '=' : conversion from 'time_t' to 'int', possible loss of data
     1>c:\work_proj3\mediaprogmfc\mediahandler.cpp(128): warning C4996: 'sprintf': This function or variable may be unsafe. Consider using sprintf_s instead. To disable deprecation, use _CRT_SECURE_NO_WARNINGS. See online help for details.
                 c:\program files (x86)\microsoft visual studio 10.0\vc\include\stdio.h(371) : see declaration of 'sprintf'
     1>c:\work_proj3\mediaprogmfc\mediahandler.cpp(133): warning C4996: 'sprintf': This function or variable may be unsafe. Consider using sprintf_s instead. To disable deprecation, use _CRT_SECURE_NO_WARNINGS. See online help for details.
                 c:\program files (x86)\microsoft visual studio 10.0\vc\include\stdio.h(371) : see declaration of 'sprintf'
     1>c:\work_proj3\mediaprogmfc\mediahandler.cpp(284): warning C4996: 'sprintf': This function or variable may be unsafe. Consider using sprintf_s instead. To disable deprecation, use _CRT_SECURE_NO_WARNINGS. See online help for details.
                 c:\program files (x86)\microsoft visual studio 10.0\vc\include\stdio.h(371) : see declaration of 'sprintf'
     1>c:\work_proj3\mediaprogmfc\mediahandler.cpp(306): warning C4996: 'sprintf': This function or variable may be unsafe. Consider using sprintf_s instead. To disable deprecation, use _CRT_SECURE_NO_WARNINGS. See online help for details.
                 c:\program files (x86)\microsoft visual studio 10.0\vc\include\stdio.h(371) : see declaration of 'sprintf'
     1>c:\work_proj3\mediaprogmfc\mediahandler.cpp(311): warning C4996: 'sprintf': This function or variable may be unsafe. Consider using sprintf_s instead. To disable deprecation, use _CRT_SECURE_NO_WARNINGS. See online help for details.
                 c:\program files (x86)\microsoft visual studio 10.0\vc\include\stdio.h(371) : see declaration of 'sprintf'
     1>c:\work_proj3\mediaprogmfc\mediahandler.cpp(316): warning C4996: 'sprintf': This function or variable may be unsafe. Consider using sprintf_s instead. To disable deprecation, use _CRT_SECURE_NO_WARNINGS. See online help for details.
                 c:\program files (x86)\microsoft visual studio 10.0\vc\include\stdio.h(371) : see declaration of 'sprintf'
     1>c:\work_proj3\mediaprogmfc\mediahandler.cpp(321): warning C4996: 'sprintf': This function or variable may be unsafe. Consider using sprintf_s instead. To disable deprecation, use _CRT_SECURE_NO_WARNINGS. See online help for details.
                 c:\program files (x86)\microsoft visual studio 10.0\vc\include\stdio.h(371) : see declaration of 'sprintf'
     1>c:\work_proj3\mediaprogmfc\mediahandler.cpp(326): warning C4996: 'sprintf': This function or variable may be unsafe. Consider using sprintf_s instead. To disable deprecation, use _CRT_SECURE_NO_WARNINGS. See online help for details.
                 c:\program files (x86)\microsoft visual studio 10.0\vc\include\stdio.h(371) : see declaration of 'sprintf'
     1>c:\work_proj3\mediaprogmfc\mediahandler.cpp(368): warning C4996: 'sprintf': This function or variable may be unsafe. Consider using sprintf_s instead. To disable deprecation, use _CRT_SECURE_NO_WARNINGS. See online help for details.
                 c:\program files (x86)\microsoft visual studio 10.0\vc\include\stdio.h(371) : see declaration of 'sprintf'
     1>c:\work_proj3\mediaprogmfc\mediahandler.cpp(390): warning C4996: 'sprintf': This function or variable may be unsafe. Consider using sprintf_s instead. To disable deprecation, use _CRT_SECURE_NO_WARNINGS. See online help for details.
                 c:\program files (x86)\microsoft visual studio 10.0\vc\include\stdio.h(371) : see declaration of 'sprintf'
     1>c:\work_proj3\mediaprogmfc\mediahandler.cpp(395): warning C4996: 'sprintf': This function or variable may be unsafe. Consider using sprintf_s instead. To disable deprecation, use _CRT_SECURE_NO_WARNINGS. See online help for details.
                 c:\program files (x86)\microsoft visual studio 10.0\vc\include\stdio.h(371) : see declaration of 'sprintf'
     1>c:\work_proj3\mediaprogmfc\mediahandler.cpp(400): warning C4996: 'sprintf': This function or variable may be unsafe. Consider using sprintf_s instead. To disable deprecation, use _CRT_SECURE_NO_WARNINGS. See online help for details.
                 c:\program files (x86)\microsoft visual studio 10.0\vc\include\stdio.h(371) : see declaration of 'sprintf'
     1>c:\work_proj3\mediaprogmfc\mediahandler.cpp(405): warning C4996: 'sprintf': This function or variable may be unsafe. Consider using sprintf_s instead. To disable deprecation, use _CRT_SECURE_NO_WARNINGS. See online help for details.
                 c:\program files (x86)\microsoft visual studio 10.0\vc\include\stdio.h(371) : see declaration of 'sprintf'
     1>c:\work_proj3\mediaprogmfc\mediahandler.cpp(410): warning C4996: 'sprintf': This function or variable may be unsafe. Consider using sprintf_s instead. To disable deprecation, use _CRT_SECURE_NO_WARNINGS. See online help for details.
                 c:\program files (x86)\microsoft visual studio 10.0\vc\include\stdio.h(371) : see declaration of 'sprintf'
     1>c:\work_proj3\mediaprogmfc\mediahandler.cpp(447): warning C4482: nonstandard extension used: enum 'MACHINE_STATUS' used in qualified name
     1>c:\work_proj3\mediaprogmfc\mediahandler.cpp(462): warning C4482: nonstandard extension used: enum 'MACHINE_STATUS' used in qualified name
     1>c:\work_proj3\mediaprogmfc\mediahandler.cpp(777): warning C4244: 'argument' : conversion from 'time_t' to 'unsigned int', possible loss of data
     1>c:\work_proj3\mediaprogmfc\mediahandler.cpp(885): warning C4102: 'std' : unreferenced label
     1>c:\work_proj3\mediaprogmfc\mediahandler.cpp(1082): warning C4101: 'i' : unreferenced local variable
     1>c:\work_proj3\mediaprogmfc\mediahandler.cpp(1082): warning C4101: 'k' : unreferenced local variable
     1>c:\work_proj3\mediaprogmfc\mediahandler.cpp(1088): warning C4101: 'nCountPointsCharacterMaster' : unreferenced local variable
     1>c:\work_proj3\mediaprogmfc\mediahandler.cpp(1082): warning C4101: 'j' : unreferenced local variable
     1>c:\work_proj3\mediaprogmfc\mediahandler.cpp(1293): warning C4102: 'std' : unreferenced label
     1>c:\work_proj3\mediaprogmfc\mediahandler.cpp(1128): warning C4101: 'k' : unreferenced local variable
     1>c:\work_proj3\mediaprogmfc\mediahandler.cpp(1767): warning C4482: nonstandard extension used: enum 'MACHINE_STATUS' used in qualified name
     1>c:\work_proj3\mediaprogmfc\mediahandler.cpp(1833): warning C4996: 'strcpy': This function or variable may be unsafe. Consider using strcpy_s instead. To disable deprecation, use _CRT_SECURE_NO_WARNINGS. See online help for details.
                 c:\program files (x86)\microsoft visual studio 10.0\vc\include\string.h(105) : see declaration of 'strcpy'
     1>c:\work_proj3\mediaprogmfc\mediahandler.cpp(1780): warning C4101: 'j' : unreferenced local variable
     1>c:\work_proj3\mediaprogmfc\mediahandler.cpp(1909): warning C4482: nonstandard extension used: enum 'MACHINE_STATUS' used in qualified name
     1>c:\work_proj3\mediaprogmfc\mediahandler.cpp(2205): warning C4996: 'sscanf': This function or variable may be unsafe. Consider using sscanf_s instead. To disable deprecation, use _CRT_SECURE_NO_WARNINGS. See online help for details.
                 c:\program files (x86)\microsoft visual studio 10.0\vc\include\stdio.h(325) : see declaration of 'sscanf'
     1>c:\work_proj3\mediaprogmfc\mediahandler.cpp(2208): warning C4996: 'sscanf': This function or variable may be unsafe. Consider using sscanf_s instead. To disable deprecation, use _CRT_SECURE_NO_WARNINGS. See online help for details.
                 c:\program files (x86)\microsoft visual studio 10.0\vc\include\stdio.h(325) : see declaration of 'sscanf'
     1>c:\work_proj3\mediaprogmfc\mediahandler.cpp(2232): warning C4996: 'sscanf': This function or variable may be unsafe. Consider using sscanf_s instead. To disable deprecation, use _CRT_SECURE_NO_WARNINGS. See online help for details.
                 c:\program files (x86)\microsoft visual studio 10.0\vc\include\stdio.h(325) : see declaration of 'sscanf'
     1>c:\work_proj3\mediaprogmfc\mediahandler.cpp(2239): warning C4996: 'sscanf': This function or variable may be unsafe. Consider using sscanf_s instead. To disable deprecation, use _CRT_SECURE_NO_WARNINGS. See online help for details.
                 c:\program files (x86)\microsoft visual studio 10.0\vc\include\stdio.h(325) : see declaration of 'sscanf'
     1>c:\work_proj3\mediaprogmfc\mediahandler.cpp(2246): warning C4996: 'sscanf': This function or variable may be unsafe. Consider using sscanf_s instead. To disable deprecation, use _CRT_SECURE_NO_WARNINGS. See online help for details.
                 c:\program files (x86)\microsoft visual studio 10.0\vc\include\stdio.h(325) : see declaration of 'sscanf'
     1>c:\work_proj3\mediaprogmfc\mediahandler.cpp(2253): warning C4996: 'sscanf': This function or variable may be unsafe. Consider using sscanf_s instead. To disable deprecation, use _CRT_SECURE_NO_WARNINGS. See online help for details.
                 c:\program files (x86)\microsoft visual studio 10.0\vc\include\stdio.h(325) : see declaration of 'sscanf'
     1>c:\work_proj3\mediaprogmfc\mediahandler.cpp(2260): warning C4996: 'sscanf': This function or variable may be unsafe. Consider using sscanf_s instead. To disable deprecation, use _CRT_SECURE_NO_WARNINGS. See online help for details.
                 c:\program files (x86)\microsoft visual studio 10.0\vc\include\stdio.h(325) : see declaration of 'sscanf'
     1>c:\work_proj3\mediaprogmfc\mediahandler.cpp(2206): warning C4101: 'cnt' : unreferenced local variable
     1>c:\work_proj3\mediaprogmfc\mediahandler.cpp(2283): warning C4996: 'strcpy': This function or variable may be unsafe. Consider using strcpy_s instead. To disable deprecation, use _CRT_SECURE_NO_WARNINGS. See online help for details.
                 c:\program files (x86)\microsoft visual studio 10.0\vc\include\string.h(105) : see declaration of 'strcpy'
     1>c:\work_proj3\mediaprogmfc\mediahandler.cpp(2322): warning C4996: 'sprintf': This function or variable may be unsafe. Consider using sprintf_s instead. To disable deprecation, use _CRT_SECURE_NO_WARNINGS. See online help for details.
                 c:\program files (x86)\microsoft visual studio 10.0\vc\include\stdio.h(371) : see declaration of 'sprintf'
     1>c:\work_proj3\mediaprogmfc\mediahandler.cpp(2514): warning C4101: 'i' : unreferenced local variable
     1>c:\work_proj3\mediaprogmfc\mediahandler.cpp(2515): warning C4101: 'waveform' : unreferenced local variable
     1>c:\work_proj3\mediaprogmfc\mediahandler.cpp(2514): warning C4101: 'k' : unreferenced local variable
     1>c:\work_proj3\mediaprogmfc\mediahandler.cpp(2514): warning C4101: 'j' : unreferenced local variable
     1>c:\work_proj3\mediaprogmfc\mediahandler.cpp(2688): warning C4244: '=' : conversion from 'time_t' to 'int', possible loss of data
     1>c:\work_proj3\mediaprogmfc\mediahandler.cpp(2950): warning C4996: 'sscanf': This function or variable may be unsafe. Consider using sscanf_s instead. To disable deprecation, use _CRT_SECURE_NO_WARNINGS. See online help for details.
                 c:\program files (x86)\microsoft visual studio 10.0\vc\include\stdio.h(325) : see declaration of 'sscanf'
     1>c:\work_proj3\mediaprogmfc\mediahandler.cpp(3025): warning C4482: nonstandard extension used: enum 'MACHINE_STATUS' used in qualified name
     1>c:\work_proj3\mediaprogmfc\mediahandler.cpp(3081): warning C4482: nonstandard extension used: enum 'MACHINE_STATUS' used in qualified name
     1>c:\work_proj3\mediaprogmfc\mediahandler.cpp(3033): warning C4101: 'product_type' : unreferenced local variable
     1>c:\work_proj3\mediaprogmfc\mediahandler.cpp(3294): warning C4101: 'doc' : unreferenced local variable
     1>c:\work_proj3\mediaprogmfc\mediahandler.cpp(3349): warning C4482: nonstandard extension used: enum 'MACHINE_STATUS' used in qualified name
     1>c:\work_proj3\mediaprogmfc\mediahandler.cpp(3381): warning C4482: nonstandard extension used: enum 'MACHINE_STATUS' used in qualified name
     1>c:\work_proj3\mediaprogmfc\mediahandler.cpp(3399): warning C4482: nonstandard extension used: enum 'MACHINE_STATUS' used in qualified name
     1>c:\work_proj3\mediaprogmfc\mediahandler.cpp(3431): warning C4482: nonstandard extension used: enum 'MACHINE_STATUS' used in qualified name
     1>c:\work_proj3\mediaprogmfc\mediahandler.cpp(3460): warning C4482: nonstandard extension used: enum 'MACHINE_STATUS' used in qualified name
     1>c:\work_proj3\mediaprogmfc\mediahandler.cpp(3502): warning C4482: nonstandard extension used: enum 'MACHINE_STATUS' used in qualified name
     1>c:\work_proj3\mediaprogmfc\mediahandler.cpp(3541): warning C4244: 'return' : conversion from 'time_t' to 'int', possible loss of data
     1>c:\work_proj3\mediaprogmfc\mediahandler.cpp(3567): warning C4482: nonstandard extension used: enum 'MACHINE_STATUS' used in qualified name
     1>c:\work_proj3\mediaprogmfc\mediahandler.cpp(3568): warning C4482: nonstandard extension used: enum 'MACHINE_STATUS' used in qualified name
     1>c:\work_proj3\mediaprogmfc\mediahandler.cpp(3569): warning C4482: nonstandard extension used: enum 'MACHINE_STATUS' used in qualified name
     1>c:\work_proj3\mediaprogmfc\mediahandler.cpp(3570): warning C4482: nonstandard extension used: enum 'MACHINE_STATUS' used in qualified name
     1>c:\work_proj3\mediaprogmfc\mediahandler.cpp(3571): warning C4482: nonstandard extension used: enum 'MACHINE_STATUS' used in qualified name
     1>c:\work_proj3\mediaprogmfc\mediahandler.cpp(3572): warning C4482: nonstandard extension used: enum 'MACHINE_STATUS' used in qualified name
     1>c:\work_proj3\mediaprogmfc\mediahandler.cpp(3585): warning C4482: nonstandard extension used: enum 'MACHINE_STATUS' used in qualified name
     1>c:\work_proj3\mediaprogmfc\mediahandler.cpp(3616): warning C4129: 'l' : unrecognized character escape sequence
     1>c:\work_proj3\mediaprogmfc\mediahandler.cpp(3803): warning C4996: 'strcpy': This function or variable may be unsafe. Consider using strcpy_s instead. To disable deprecation, use _CRT_SECURE_NO_WARNINGS. See online help for details.
                 c:\program files (x86)\microsoft visual studio 10.0\vc\include\string.h(105) : see declaration of 'strcpy'
     1>c:\work_proj3\mediaprogmfc\mediahandler.cpp(4215): warning C4996: 'sprintf': This function or variable may be unsafe. Consider using sprintf_s instead. To disable deprecation, use _CRT_SECURE_NO_WARNINGS. See online help for details.
                 c:\program files (x86)\microsoft visual studio 10.0\vc\include\stdio.h(371) : see declaration of 'sprintf'
     1>c:\work_proj3\mediaprogmfc\mediahandler.cpp(4120): warning C4101: 'buf_output' : unreferenced local variable
     1>c:\work_proj3\mediaprogmfc\mediahandler.cpp(4112): warning C4101: 'k' : unreferenced local variable
     1>c:\work_proj3\mediaprogmfc\mediahandler.cpp(4112): warning C4101: 'j' : unreferenced local variable
     1>c:\work_proj3\mediaprogmfc\mediahandler.cpp(4342): warning C4244: 'return' : conversion from 'time_t' to 'int', possible loss of data
         MediaDlg.cpp
     1>c:\work_proj3\mediaprogmfc\mediadlg.cpp(263): warning C4800: 'int' : forcing value to bool 'true' or 'false' (performance warning)
     1>c:\work_proj3\mediaprogmfc\mediadlg.cpp(213): warning C4101: 'input' : unreferenced local variable
     1>c:\work_proj3\mediaprogmfc\mediadlg.cpp(846): warning C4482: nonstandard extension used: enum 'MACHINE_STATUS' used in qualified name
     1>c:\work_proj3\mediaprogmfc\mediadlg.cpp(848): warning C4482: nonstandard extension used: enum 'MACHINE_STATUS' used in qualified name
     1>c:\work_proj3\mediaprogmfc\mediadlg.cpp(850): warning C4482: nonstandard extension used: enum 'MACHINE_STATUS' used in qualified name
     1>c:\work_proj3\mediaprogmfc\mediadlg.cpp(1234): warning C4800: 'int' : forcing value to bool 'true' or 'false' (performance warning)
         Media.cpp
         FilterTuner.cpp
         NetworkAnalyzerCtr.cpp
     1>c:\work_proj3\mediaprogmfc\fetch lib\networkanalyzerctr.cpp(86): warning C4129: '%' : unrecognized character escape sequence
     1>c:\work_proj3\mediaprogmfc\fetch lib\networkanalyzerctr.cpp(86): warning C4996: 'sprintf': This function or variable may be unsafe. Consider using sprintf_s instead. To disable deprecation, use _CRT_SECURE_NO_WARNINGS. See online help for details.
                 c:\program files (x86)\microsoft visual studio 10.0\vc\include\stdio.h(371) : see declaration of 'sprintf'
     1>c:\work_proj3\mediaprogmfc\fetch lib\networkanalyzerctr.cpp(88): warning C4996: 'sprintf': This function or variable may be unsafe. Consider using sprintf_s instead. To disable deprecation, use _CRT_SECURE_NO_WARNINGS. See online help for details.
                 c:\program files (x86)\microsoft visual studio 10.0\vc\include\stdio.h(371) : see declaration of 'sprintf'
     1>c:\work_proj3\mediaprogmfc\fetch lib\networkanalyzerctr.cpp(93): warning C4996: 'sprintf': This function or variable may be unsafe. Consider using sprintf_s instead. To disable deprecation, use _CRT_SECURE_NO_WARNINGS. See online help for details.
                 c:\program files (x86)\microsoft visual studio 10.0\vc\include\stdio.h(371) : see declaration of 'sprintf'
     1>c:\work_proj3\mediaprogmfc\fetch lib\networkanalyzerctr.cpp(95): warning C4996: 'sprintf': This function or variable may be unsafe. Consider using sprintf_s instead. To disable deprecation, use _CRT_SECURE_NO_WARNINGS. See online help for details.
                 c:\program files (x86)\microsoft visual studio 10.0\vc\include\stdio.h(371) : see declaration of 'sprintf'
     1>c:\work_proj3\mediaprogmfc\fetch lib\networkanalyzerctr.cpp(110): warning C4996: 'strtok': This function or variable may be unsafe. Consider using strtok_s instead. To disable deprecation, use _CRT_SECURE_NO_WARNINGS. See online help for details.
                 c:\program files (x86)\microsoft visual studio 10.0\vc\include\string.h(197) : see declaration of 'strtok'
     1>c:\work_proj3\mediaprogmfc\fetch lib\networkanalyzerctr.cpp(116): warning C4996: 'sscanf': This function or variable may be unsafe. Consider using sscanf_s instead. To disable deprecation, use _CRT_SECURE_NO_WARNINGS. See online help for details.
                 c:\program files (x86)\microsoft visual studio 10.0\vc\include\stdio.h(325) : see declaration of 'sscanf'
     1>c:\work_proj3\mediaprogmfc\fetch lib\networkanalyzerctr.cpp(119): warning C4996: 'strtok': This function or variable may be unsafe. Consider using strtok_s instead. To disable deprecation, use _CRT_SECURE_NO_WARNINGS. See online help for details.
                 c:\program files (x86)\microsoft visual studio 10.0\vc\include\string.h(197) : see declaration of 'strtok'
     1>c:\work_proj3\mediaprogmfc\fetch lib\networkanalyzerctr.cpp(123): warning C4996: 'sscanf': This function or variable may be unsafe. Consider using sscanf_s instead. To disable deprecation, use _CRT_SECURE_NO_WARNINGS. See online help for details.
                 c:\program files (x86)\microsoft visual studio 10.0\vc\include\stdio.h(325) : see declaration of 'sscanf'
     1>c:\work_proj3\mediaprogmfc\fetch lib\networkanalyzerctr.cpp(126): warning C4996: 'strtok': This function or variable may be unsafe. Consider using strtok_s instead. To disable deprecation, use _CRT_SECURE_NO_WARNINGS. See online help for details.
                 c:\program files (x86)\microsoft visual studio 10.0\vc\include\string.h(197) : see declaration of 'strtok'
     1>c:\work_proj3\mediaprogmfc\fetch lib\networkanalyzerctr.cpp(131): warning C4996: 'sprintf': This function or variable may be unsafe. Consider using sprintf_s instead. To disable deprecation, use _CRT_SECURE_NO_WARNINGS. See online help for details.
                 c:\program files (x86)\microsoft visual studio 10.0\vc\include\stdio.h(371) : see declaration of 'sprintf'
     1>c:\work_proj3\mediaprogmfc\fetch lib\networkanalyzerctr.cpp(393): warning C4101: 'i' : unreferenced local variable
     1>c:\work_proj3\mediaprogmfc\fetch lib\networkanalyzerctr.cpp(393): warning C4101: 'k' : unreferenced local variable
     1>c:\work_proj3\mediaprogmfc\fetch lib\networkanalyzerctr.cpp(393): warning C4101: 'j' : unreferenced local variable
     1>c:\work_proj3\mediaprogmfc\fetch lib\networkanalyzerctr.cpp(499): warning C4996: 'strcpy': This function or variable may be unsafe. Consider using strcpy_s instead. To disable deprecation, use _CRT_SECURE_NO_WARNINGS. See online help for details.
                 c:\program files (x86)\microsoft visual studio 10.0\vc\include\string.h(105) : see declaration of 'strcpy'
     1>c:\work_proj3\mediaprogmfc\fetch lib\networkanalyzerctr.cpp(502): warning C4996: 'sprintf': This function or variable may be unsafe. Consider using sprintf_s instead. To disable deprecation, use _CRT_SECURE_NO_WARNINGS. See online help for details.
                 c:\program files (x86)\microsoft visual studio 10.0\vc\include\stdio.h(371) : see declaration of 'sprintf'
     1>c:\work_proj3\mediaprogmfc\fetch lib\networkanalyzerctr.cpp(508): warning C4996: 'sprintf': This function or variable may be unsafe. Consider using sprintf_s instead. To disable deprecation, use _CRT_SECURE_NO_WARNINGS. See online help for details.
                 c:\program files (x86)\microsoft visual studio 10.0\vc\include\stdio.h(371) : see declaration of 'sprintf'
     1>c:\work_proj3\mediaprogmfc\fetch lib\networkanalyzerctr.cpp(533): warning C4996: 'sprintf': This function or variable may be unsafe. Consider using sprintf_s instead. To disable deprecation, use _CRT_SECURE_NO_WARNINGS. See online help for details.
                 c:\program files (x86)\microsoft visual studio 10.0\vc\include\stdio.h(371) : see declaration of 'sprintf'
     1>c:\work_proj3\mediaprogmfc\fetch lib\networkanalyzerctr.cpp(535): warning C4996: 'sprintf': This function or variable may be unsafe. Consider using sprintf_s instead. To disable deprecation, use _CRT_SECURE_NO_WARNINGS. See online help for details.
                 c:\program files (x86)\microsoft visual studio 10.0\vc\include\stdio.h(371) : see declaration of 'sprintf'
     1>c:\work_proj3\mediaprogmfc\fetch lib\networkanalyzerctr.cpp(537): warning C4996: 'sprintf': This function or variable may be unsafe. Consider using sprintf_s instead. To disable deprecation, use _CRT_SECURE_NO_WARNINGS. See online help for details.
                 c:\program files (x86)\microsoft visual studio 10.0\vc\include\stdio.h(371) : see declaration of 'sprintf'
     1>c:\work_proj3\mediaprogmfc\fetch lib\networkanalyzerctr.cpp(539): warning C4996: 'sprintf': This function or variable may be unsafe. Consider using sprintf_s instead. To disable deprecation, use _CRT_SECURE_NO_WARNINGS. See online help for details.
                 c:\program files (x86)\microsoft visual studio 10.0\vc\include\stdio.h(371) : see declaration of 'sprintf'
     1>c:\work_proj3\mediaprogmfc\fetch lib\networkanalyzerctr.cpp(541): warning C4996: 'sprintf': This function or variable may be unsafe. Consider using sprintf_s instead. To disable deprecation, use _CRT_SECURE_NO_WARNINGS. See online help for details.
                 c:\program files (x86)\microsoft visual studio 10.0\vc\include\stdio.h(371) : see declaration of 'sprintf'
     1>c:\work_proj3\mediaprogmfc\fetch lib\networkanalyzerctr.cpp(543): warning C4996: 'sprintf': This function or variable may be unsafe. Consider using sprintf_s instead. To disable deprecation, use _CRT_SECURE_NO_WARNINGS. See online help for details.
                 c:\program files (x86)\microsoft visual studio 10.0\vc\include\stdio.h(371) : see declaration of 'sprintf'
     1>c:\work_proj3\mediaprogmfc\fetch lib\networkanalyzerctr.cpp(545): warning C4996: 'sprintf': This function or variable may be unsafe. Consider using sprintf_s instead. To disable deprecation, use _CRT_SECURE_NO_WARNINGS. See online help for details.
                 c:\program files (x86)\microsoft visual studio 10.0\vc\include\stdio.h(371) : see declaration of 'sprintf'
     1>c:\work_proj3\mediaprogmfc\fetch lib\networkanalyzerctr.cpp(551): warning C4244: '=' : conversion from '__int64' to 'double', possible loss of data
     1>c:\work_proj3\mediaprogmfc\fetch lib\networkanalyzerctr.cpp(552): warning C4244: '=' : conversion from '__int64' to 'double', possible loss of data
     1>c:\work_proj3\mediaprogmfc\fetch lib\networkanalyzerctr.cpp(706): warning C4996: 'sprintf': This function or variable may be unsafe. Consider using sprintf_s instead. To disable deprecation, use _CRT_SECURE_NO_WARNINGS. See online help for details.
                 c:\program files (x86)\microsoft visual studio 10.0\vc\include\stdio.h(371) : see declaration of 'sprintf'
     1>c:\work_proj3\mediaprogmfc\fetch lib\networkanalyzerctr.cpp(722): warning C4244: 'initializing' : conversion from '__int64' to 'int', possible loss of data
     1>c:\work_proj3\mediaprogmfc\fetch lib\networkanalyzerctr.cpp(723): warning C4996: 'sprintf': This function or variable may be unsafe. Consider using sprintf_s instead. To disable deprecation, use _CRT_SECURE_NO_WARNINGS. See online help for details.
                 c:\program files (x86)\microsoft visual studio 10.0\vc\include\stdio.h(371) : see declaration of 'sprintf'
     1>c:\work_proj3\mediaprogmfc\fetch lib\networkanalyzerctr.cpp(724): warning C4996: 'strcat': This function or variable may be unsafe. Consider using strcat_s instead. To disable deprecation, use _CRT_SECURE_NO_WARNINGS. See online help for details.
                 c:\program files (x86)\microsoft visual studio 10.0\vc\include\string.h(110) : see declaration of 'strcat'
     1>c:\work_proj3\mediaprogmfc\fetch lib\networkanalyzerctr.cpp(725): warning C4996: 'sprintf': This function or variable may be unsafe. Consider using sprintf_s instead. To disable deprecation, use _CRT_SECURE_NO_WARNINGS. See online help for details.
                 c:\program files (x86)\microsoft visual studio 10.0\vc\include\stdio.h(371) : see declaration of 'sprintf'
     1>c:\work_proj3\mediaprogmfc\fetch lib\networkanalyzerctr.cpp(726): warning C4996: 'strcat': This function or variable may be unsafe. Consider using strcat_s instead. To disable deprecation, use _CRT_SECURE_NO_WARNINGS. See online help for details.
                 c:\program files (x86)\microsoft visual studio 10.0\vc\include\string.h(110) : see declaration of 'strcat'
     1>c:\work_proj3\mediaprogmfc\fetch lib\networkanalyzerctr.cpp(727): warning C4996: 'sprintf': This function or variable may be unsafe. Consider using sprintf_s instead. To disable deprecation, use _CRT_SECURE_NO_WARNINGS. See online help for details.
                 c:\program files (x86)\microsoft visual studio 10.0\vc\include\stdio.h(371) : see declaration of 'sprintf'
     1>c:\work_proj3\mediaprogmfc\fetch lib\networkanalyzerctr.cpp(728): warning C4996: 'strcat': This function or variable may be unsafe. Consider using strcat_s instead. To disable deprecation, use _CRT_SECURE_NO_WARNINGS. See online help for details.
                 c:\program files (x86)\microsoft visual studio 10.0\vc\include\string.h(110) : see declaration of 'strcat'
     1>c:\work_proj3\mediaprogmfc\fetch lib\networkanalyzerctr.cpp(729): warning C4996: 'sprintf': This function or variable may be unsafe. Consider using sprintf_s instead. To disable deprecation, use _CRT_SECURE_NO_WARNINGS. See online help for details.
                 c:\program files (x86)\microsoft visual studio 10.0\vc\include\stdio.h(371) : see declaration of 'sprintf'
     1>c:\work_proj3\mediaprogmfc\fetch lib\networkanalyzerctr.cpp(730): warning C4996: 'strcat': This function or variable may be unsafe. Consider using strcat_s instead. To disable deprecation, use _CRT_SECURE_NO_WARNINGS. See online help for details.
                 c:\program files (x86)\microsoft visual studio 10.0\vc\include\string.h(110) : see declaration of 'strcat'
     1>c:\work_proj3\mediaprogmfc\fetch lib\networkanalyzerctr.cpp(733): warning C4996: 'sprintf': This function or variable may be unsafe. Consider using sprintf_s instead. To disable deprecation, use _CRT_SECURE_NO_WARNINGS. See online help for details.
                 c:\program files (x86)\microsoft visual studio 10.0\vc\include\stdio.h(371) : see declaration of 'sprintf'
     1>c:\work_proj3\mediaprogmfc\fetch lib\networkanalyzerctr.cpp(745): warning C4996: 'strcpy': This function or variable may be unsafe. Consider using strcpy_s instead. To disable deprecation, use _CRT_SECURE_NO_WARNINGS. See online help for details.
                 c:\program files (x86)\microsoft visual studio 10.0\vc\include\string.h(105) : see declaration of 'strcpy'
     1>c:\work_proj3\mediaprogmfc\fetch lib\networkanalyzerctr.cpp(748): warning C4996: 'sprintf': This function or variable may be unsafe. Consider using sprintf_s instead. To disable deprecation, use _CRT_SECURE_NO_WARNINGS. See online help for details.
                 c:\program files (x86)\microsoft visual studio 10.0\vc\include\stdio.h(371) : see declaration of 'sprintf'
     1>c:\work_proj3\mediaprogmfc\fetch lib\networkanalyzerctr.cpp(775): warning C4996: 'strcpy': This function or variable may be unsafe. Consider using strcpy_s instead. To disable deprecation, use _CRT_SECURE_NO_WARNINGS. See online help for details.
                 c:\program files (x86)\microsoft visual studio 10.0\vc\include\string.h(105) : see declaration of 'strcpy'
     1>c:\work_proj3\mediaprogmfc\fetch lib\networkanalyzerctr.cpp(776): warning C4996: 'sprintf': This function or variable may be unsafe. Consider using sprintf_s instead. To disable deprecation, use _CRT_SECURE_NO_WARNINGS. See online help for details.
                 c:\program files (x86)\microsoft visual studio 10.0\vc\include\stdio.h(371) : see declaration of 'sprintf'
     1>c:\work_proj3\mediaprogmfc\fetch lib\networkanalyzerctr.cpp(670): warning C4101: 'feed_cmd' : unreferenced local variable
     1>c:\work_proj3\mediaprogmfc\fetch lib\networkanalyzerctr.cpp(659): warning C4101: 'k' : unreferenced local variable
     1>c:\work_proj3\mediaprogmfc\fetch lib\networkanalyzerctr.cpp(659): warning C4101: 'j' : unreferenced local variable
     1>c:\work_proj3\mediaprogmfc\fetch lib\networkanalyzerctr.cpp(928): warning C4244: 'initializing' : conversion from 'std::streamoff' to 'int', possible loss of data
     1>c:\work_proj3\mediaprogmfc\fetch lib\networkanalyzerctr.cpp(942): warning C4244: '=' : conversion from 'std::streamoff' to 'int', possible loss of data
         CProject.cpp
     1>c:\work_proj3\mediaprogmfc\fetch lib\cproject.cpp(582): warning C4244: 'initializing' : conversion from '__int64' to 'double', possible loss of data
     1>c:\work_proj3\mediaprogmfc\fetch lib\cproject.cpp(583): warning C4244: 'initializing' : conversion from '__int64' to 'double', possible loss of data
     1>c:\work_proj3\mediaprogmfc\fetch lib\cproject.cpp(618): warning C4244: 'initializing' : conversion from '__int64' to 'double', possible loss of data
     1>c:\work_proj3\mediaprogmfc\fetch lib\cproject.cpp(619): warning C4244: 'initializing' : conversion from '__int64' to 'double', possible loss of data
     1>c:\work_proj3\mediaprogmfc\fetch lib\cproject.cpp(457): warning C4101: 'trace_scale_func_wchar' : unreferenced local variable
     1>c:\work_proj3\mediaprogmfc\fetch lib\cproject.cpp(835): warning C4927: illegal conversion; more than one user-defined conversion has been implicitly applied
                 while calling the constructor 'ATL::CStringT<BaseType,StringTraits>::CStringT(const wchar_t *)'
                 with
                 [
                     BaseType=wchar_t,
                     StringTraits=StrTraitMFC_DLL<wchar_t>
                 ]
                 c:\program files (x86)\microsoft visual studio 10.0\vc\atlmfc\include\cstringt.h(961) : see declaration of 'ATL::CStringT<BaseType,StringTraits>::CStringT'
                 with
                 [
                     BaseType=wchar_t,
                     StringTraits=StrTraitMFC_DLL<wchar_t>
                 ]
         Feedforward_Neural_Network.cpp
     1>c:\work_proj3\mediaprogmfc\feedforward_neural_network.cpp(98): warning C4996: 'strcpy': This function or variable may be unsafe. Consider using strcpy_s instead. To disable deprecation, use _CRT_SECURE_NO_WARNINGS. See online help for details.
                 c:\program files (x86)\microsoft visual studio 10.0\vc\include\string.h(105) : see declaration of 'strcpy'
     1>c:\work_proj3\mediaprogmfc\feedforward_neural_network.cpp(102): warning C4996: 'strtok': This function or variable may be unsafe. Consider using strtok_s instead. To disable deprecation, use _CRT_SECURE_NO_WARNINGS. See online help for details.
                 c:\program files (x86)\microsoft visual studio 10.0\vc\include\string.h(197) : see declaration of 'strtok'
     1>c:\work_proj3\mediaprogmfc\feedforward_neural_network.cpp(109): warning C4996: 'strtok': This function or variable may be unsafe. Consider using strtok_s instead. To disable deprecation, use _CRT_SECURE_NO_WARNINGS. See online help for details.
                 c:\program files (x86)\microsoft visual studio 10.0\vc\include\string.h(197) : see declaration of 'strtok'
     1>c:\work_proj3\mediaprogmfc\feedforward_neural_network.cpp(258): warning C4996: 'strcpy': This function or variable may be unsafe. Consider using strcpy_s instead. To disable deprecation, use _CRT_SECURE_NO_WARNINGS. See online help for details.
                 c:\program files (x86)\microsoft visual studio 10.0\vc\include\string.h(105) : see declaration of 'strcpy'
     1>c:\work_proj3\mediaprogmfc\feedforward_neural_network.cpp(264): warning C4996: 'strtok': This function or variable may be unsafe. Consider using strtok_s instead. To disable deprecation, use _CRT_SECURE_NO_WARNINGS. See online help for details.
                 c:\program files (x86)\microsoft visual studio 10.0\vc\include\string.h(197) : see declaration of 'strtok'
     1>c:\work_proj3\mediaprogmfc\feedforward_neural_network.cpp(272): warning C4996: 'strtok': This function or variable may be unsafe. Consider using strtok_s instead. To disable deprecation, use _CRT_SECURE_NO_WARNINGS. See online help for details.
                 c:\program files (x86)\microsoft visual studio 10.0\vc\include\string.h(197) : see declaration of 'strtok'
         CollectionDlg.cpp
         ChartViewer.cpp
         Generating Code...
     1>c:\work_proj3\mediaprogmfc\mediahandler.cpp(2639): warning C4715: 'CMediaHandler::process_prediction_once' : not all control paths return a value
       ResourceCompile:
         C:\Program Files (x86)\Microsoft SDKs\Windows\v7.0A\bin\rc.exe /D _DEBUG /D _UNICODE /D UNICODE /D _AFXDLL /l"0x0409" /IDebug\ /nologo /fo"Debug\Media.res" Media.rc 
       ManifestResourceCompile:
         All outputs are up-to-date.
       Link:
         C:\Program Files (x86)\Microsoft Visual Studio 10.0\VC\bin\link.exe /ERRORREPORT:PROMPT /OUT:"C:\work_proj3\MediaProgMfc\Debug\Media.exe" /INCREMENTAL /NOLOGO chartdir60.lib /MANIFEST /ManifestFile:"Debug\Media.exe.intermediate.manifest" /MANIFESTUAC:"level='asInvoker' uiAccess='false'" /DEBUG /PDB:"C:\work_proj3\MediaProgMfc\Debug\Media.pdb" /SUBSYSTEM:WINDOWS /TLBID:1 /ENTRY:"wWinMainCRTStartup" /DYNAMICBASE /NXCOMPAT /IMPLIB:"C:\work_proj3\MediaProgMfc\Debug\Media.lib" /MACHINE:X86 Debug\Media.res
         Debug\Media.exe.embed.manifest.res
         Debug\ChartViewer.obj
         Debug\CollectionDlg.obj
         Debug\Feedforward_Neural_Network.obj
         Debug\CProject.obj
         Debug\NetworkAnalyzerCtr.obj
         Debug\FilterTuner.obj
         Debug\Media.obj
         Debug\MediaDlg.obj
         Debug\MediaHandler.obj
         Debug\NamedPipe.obj
         Debug\PredictionDlg.obj
         Debug\Rprop.obj
         Debug\Rprop_Network.obj
         Debug\SocketComm.obj
         Debug\stdafx.obj
         Debug\tinyxml2.obj
         Debug\TrayIconMng.obj
       Manifest:
         C:\Program Files (x86)\Microsoft SDKs\Windows\v7.0A\bin\mt.exe /nologo /verbose /out:"Debug\Media.exe.embed.manifest" /manifest Debug\Media.exe.intermediate.manifest "C:\Program Files (x86)\Microsoft Visual Studio 10.0\VC\Include\Manifest\dpiaware.manifest"
         All outputs are up-to-date.
       LinkEmbedManifest:
         All outputs are up-to-date.
         Media.vcxproj -> C:\work_proj3\MediaProgMfc\Debug\Media.exe
       PostBuildEvent:
         copy ".\External Chart Director\lib\chartdir60.dll" ".\Debug\"
         :VCEnd
                 1개 파일이 복사되었습니다.
       FinalizeBuildStatus:
         Deleting file "Debug\Media.unsuccessfulbuild".
         Touching "Debug\Media.lastbuildstate".
     1>Done Building Project "C:\work_proj3\MediaProgMfc\Media.vcxproj" (build target(s)).

Build succeeded.

Time Elapsed 00:00:33.23
