Build started 2016-04-16 오전 10:53:44.
     1>Project "C:\mywork\fetch\fetch\ChartDirector\mfcdemo\xyzoomscroll\xyzoomscroll.vcxproj" on node 4 (build target(s)).
     1>InitializeBuildStatus:
         Creating "Debug\xyzoomscroll.unsuccessfulbuild" because "AlwaysCreate" was specified.
       ClCompile:
         C:\Program Files\Microsoft Visual Studio 10.0\VC\bin\CL.exe /c /I..\..\include /Zi /nologo /W3 /WX- /Od /Oy- /D WIN32 /D _WINDOWS /D _DEBUG /D _CRT_SECURE_NO_DEPRECATE /D _UNICODE /D UNICODE /D _AFXDLL /Gm /EHsc /RTC1 /MDd /GS /fp:precise /Zc:wchar_t /Zc:forScope /Yc"StdAfx.h" /Fp"Debug\xyzoomscroll.pch" /Fo"Debug\\" /Fd"Debug\vc100.pdb" /Gd /TP /analyze- /errorReport:prompt stdafx.cpp
         stdafx.cpp
         C:\Program Files\Microsoft Visual Studio 10.0\VC\bin\CL.exe /c /I..\..\include /Zi /nologo /W3 /WX- /Od /Oy- /D WIN32 /D _WINDOWS /D _DEBUG /D _CRT_SECURE_NO_DEPRECATE /D _UNICODE /D UNICODE /D _AFXDLL /Gm /EHsc /RTC1 /MDd /GS /fp:precise /Zc:wchar_t /Zc:forScope /Yu"StdAfx.h" /Fp"Debug\xyzoomscroll.pch" /Fo"Debug\\" /Fd"Debug\vc100.pdb" /Gd /TP /analyze- /errorReport:prompt ChartViewer.cpp HotSpotDlg.cpp xyzoomscroll.cpp xyzoomscrollDlg.cpp
         xyzoomscrollDlg.cpp
         xyzoomscroll.cpp
         HotSpotDlg.cpp
         ChartViewer.cpp
         Generating Code...
       ResourceCompile:
         C:\Program Files\Microsoft SDKs\Windows\v7.0A\bin\rc.exe /D _DEBUG /D _UNICODE /D UNICODE /D _AFXDLL /l"0x0409" /IDebug\ /nologo /fo"Debug\xyzoomscroll.res" xyzoomscroll.rc 
       ManifestResourceCompile:
         C:\Program Files\Microsoft SDKs\Windows\v7.0A\bin\rc.exe /nologo /fo"Debug\xyzoomscroll.exe.embed.manifest.res" Debug\xyzoomscroll_manifest.rc 
       Link:
         C:\Program Files\Microsoft Visual Studio 10.0\VC\bin\link.exe /ERRORREPORT:PROMPT /OUT:".\..\bin\Debug\xyzoomscroll.exe" /INCREMENTAL /NOLOGO ..\..\lib\chartdir60.lib /MANIFEST /ManifestFile:"Debug\xyzoomscroll.exe.intermediate.manifest" /MANIFESTUAC:"level='asInvoker' uiAccess='false'" /DEBUG /PDB:"C:\mywork\fetch\fetch\ChartDirector\mfcdemo\bin\Debug\xyzoomscroll.pdb" /SUBSYSTEM:WINDOWS /TLBID:1 /ENTRY:"wWinMainCRTStartup" /DYNAMICBASE /NXCOMPAT /IMPLIB:".\..\bin\Debug\xyzoomscroll.lib" /MACHINE:X86 Debug\xyzoomscroll.res
         Debug\xyzoomscroll.exe.embed.manifest.res
         Debug\ChartViewer.obj
         Debug\HotSpotDlg.obj
         Debug\stdafx.obj
         Debug\xyzoomscroll.obj
         Debug\xyzoomscrollDlg.obj
       Manifest:
         C:\Program Files\Microsoft SDKs\Windows\v7.0A\bin\mt.exe /nologo /verbose /out:"Debug\xyzoomscroll.exe.embed.manifest" /manifest Debug\xyzoomscroll.exe.intermediate.manifest "C:\Program Files\Microsoft Visual Studio 10.0\VC\Include\Manifest\dpiaware.manifest"
         C:\Program Files\Microsoft SDKs\Windows\v7.0A\bin\rc.exe /nologo /fo"Debug\xyzoomscroll.exe.embed.manifest.res" Debug\xyzoomscroll_manifest.rc 
       LinkEmbedManifest:
         C:\Program Files\Microsoft Visual Studio 10.0\VC\bin\link.exe /ERRORREPORT:PROMPT /OUT:".\..\bin\Debug\xyzoomscroll.exe" /INCREMENTAL /NOLOGO ..\..\lib\chartdir60.lib /MANIFEST /ManifestFile:"Debug\xyzoomscroll.exe.intermediate.manifest" /MANIFESTUAC:"level='asInvoker' uiAccess='false'" /DEBUG /PDB:"C:\mywork\fetch\fetch\ChartDirector\mfcdemo\bin\Debug\xyzoomscroll.pdb" /SUBSYSTEM:WINDOWS /TLBID:1 /ENTRY:"wWinMainCRTStartup" /DYNAMICBASE /NXCOMPAT /IMPLIB:".\..\bin\Debug\xyzoomscroll.lib" /MACHINE:X86 Debug\xyzoomscroll.res
         Debug\xyzoomscroll.exe.embed.manifest.res
         Debug\ChartViewer.obj
         Debug\HotSpotDlg.obj
         Debug\stdafx.obj
         Debug\xyzoomscroll.obj
         Debug\xyzoomscrollDlg.obj
         xyzoomscroll.vcxproj -> C:\mywork\fetch\fetch\ChartDirector\mfcdemo\xyzoomscroll\.\..\bin\Debug\xyzoomscroll.exe
       PostBuildEvent:
         Description: Copying ChartDirector DLL to output directory (if necessary)
         xcopy /D /Y /C ..\..\lib\chartdir60.dll .\..\bin\Debug\
         :VCEnd
         0개 파일이 복사되었습니다.
       FinalizeBuildStatus:
         Deleting file "Debug\xyzoomscroll.unsuccessfulbuild".
         Touching "Debug\xyzoomscroll.lastbuildstate".
     1>Done Building Project "C:\mywork\fetch\fetch\ChartDirector\mfcdemo\xyzoomscroll\xyzoomscroll.vcxproj" (build target(s)).

Build succeeded.

Time Elapsed 00:00:04.90
