Build started 2016-04-16 오전 10:53:31.
     1>Project "C:\mywork\fetch\fetch\ChartDirector\mfcdemo\viewportcontroldemo\viewportcontroldemo.vcxproj" on node 3 (build target(s)).
     1>InitializeBuildStatus:
         Creating "Debug\viewportcontroldemo.unsuccessfulbuild" because "AlwaysCreate" was specified.
       ClCompile:
         C:\Program Files\Microsoft Visual Studio 10.0\VC\bin\CL.exe /c /I..\..\include /ZI /nologo /W3 /WX- /Od /Oy- /D WIN32 /D _WINDOWS /D _DEBUG /D _CRT_SECURE_NO_DEPRECATE /D _UNICODE /D UNICODE /D _AFXDLL /Gm /EHsc /RTC1 /MDd /GS /fp:precise /Zc:wchar_t /Zc:forScope /Yc"StdAfx.h" /Fp"Debug\viewportcontroldemo.pch" /Fo"Debug\\" /Fd"Debug\vc100.pdb" /Gd /TP /analyze- /errorReport:prompt stdafx.cpp
         stdafx.cpp
         C:\Program Files\Microsoft Visual Studio 10.0\VC\bin\CL.exe /c /I..\..\include /ZI /nologo /W3 /WX- /Od /Oy- /D WIN32 /D _WINDOWS /D _DEBUG /D _CRT_SECURE_NO_DEPRECATE /D _UNICODE /D UNICODE /D _AFXDLL /Gm /EHsc /RTC1 /MDd /GS /fp:precise /Zc:wchar_t /Zc:forScope /Yu"StdAfx.h" /Fp"Debug\viewportcontroldemo.pch" /Fo"Debug\\" /Fd"Debug\vc100.pdb" /Gd /TP /analyze- /errorReport:prompt ChartViewer.cpp viewportcontroldemo.cpp viewportcontroldemoDlg.cpp
         viewportcontroldemoDlg.cpp
         viewportcontroldemo.cpp
         ChartViewer.cpp
         Generating Code...
       ResourceCompile:
         C:\Program Files\Microsoft SDKs\Windows\v7.0A\bin\rc.exe /D _DEBUG /D _UNICODE /D UNICODE /D _AFXDLL /l"0x0409" /IDebug\ /nologo /fo"Debug\viewportcontroldemo.res" viewportcontroldemo.rc 
       ManifestResourceCompile:
         C:\Program Files\Microsoft SDKs\Windows\v7.0A\bin\rc.exe /nologo /fo"Debug\viewportcontroldemo.exe.embed.manifest.res" Debug\viewportcontroldemo_manifest.rc 
       Link:
         C:\Program Files\Microsoft Visual Studio 10.0\VC\bin\link.exe /ERRORREPORT:PROMPT /OUT:".\..\bin\Debug\viewportcontroldemo.exe" /INCREMENTAL /NOLOGO ..\..\lib\chartdir60.lib /MANIFEST /ManifestFile:"Debug\viewportcontroldemo.exe.intermediate.manifest" /MANIFESTUAC:"level='asInvoker' uiAccess='false'" /DEBUG /PDB:"C:\mywork\fetch\fetch\ChartDirector\mfcdemo\bin\Debug\viewportcontroldemo.pdb" /SUBSYSTEM:WINDOWS /TLBID:1 /ENTRY:"wWinMainCRTStartup" /DYNAMICBASE /NXCOMPAT /IMPLIB:".\..\bin\Debug\viewportcontroldemo.lib" /MACHINE:X86 Debug\viewportcontroldemo.res
         Debug\viewportcontroldemo.exe.embed.manifest.res
         Debug\ChartViewer.obj
         Debug\stdafx.obj
         Debug\viewportcontroldemo.obj
         Debug\viewportcontroldemoDlg.obj
       Manifest:
         C:\Program Files\Microsoft SDKs\Windows\v7.0A\bin\mt.exe /nologo /verbose /out:"Debug\viewportcontroldemo.exe.embed.manifest" /manifest Debug\viewportcontroldemo.exe.intermediate.manifest "C:\Program Files\Microsoft Visual Studio 10.0\VC\Include\Manifest\dpiaware.manifest"
         C:\Program Files\Microsoft SDKs\Windows\v7.0A\bin\rc.exe /nologo /fo"Debug\viewportcontroldemo.exe.embed.manifest.res" Debug\viewportcontroldemo_manifest.rc 
       LinkEmbedManifest:
         C:\Program Files\Microsoft Visual Studio 10.0\VC\bin\link.exe /ERRORREPORT:PROMPT /OUT:".\..\bin\Debug\viewportcontroldemo.exe" /INCREMENTAL /NOLOGO ..\..\lib\chartdir60.lib /MANIFEST /ManifestFile:"Debug\viewportcontroldemo.exe.intermediate.manifest" /MANIFESTUAC:"level='asInvoker' uiAccess='false'" /DEBUG /PDB:"C:\mywork\fetch\fetch\ChartDirector\mfcdemo\bin\Debug\viewportcontroldemo.pdb" /SUBSYSTEM:WINDOWS /TLBID:1 /ENTRY:"wWinMainCRTStartup" /DYNAMICBASE /NXCOMPAT /IMPLIB:".\..\bin\Debug\viewportcontroldemo.lib" /MACHINE:X86 Debug\viewportcontroldemo.res
         Debug\viewportcontroldemo.exe.embed.manifest.res
         Debug\ChartViewer.obj
         Debug\stdafx.obj
         Debug\viewportcontroldemo.obj
         Debug\viewportcontroldemoDlg.obj
         viewportcontroldemo.vcxproj -> C:\mywork\fetch\fetch\ChartDirector\mfcdemo\viewportcontroldemo\.\..\bin\Debug\viewportcontroldemo.exe
       PostBuildEvent:
         Description: Copying ChartDirector DLL to output directory (if necessary)
         xcopy /D /Y /C ..\..\lib\chartdir60.dll .\..\bin\Debug\
         :VCEnd
         ..\..\lib\chartdir60.dll
         1개 파일이 복사되었습니다.
       FinalizeBuildStatus:
         Deleting file "Debug\viewportcontroldemo.unsuccessfulbuild".
         Touching "Debug\viewportcontroldemo.lastbuildstate".
     1>Done Building Project "C:\mywork\fetch\fetch\ChartDirector\mfcdemo\viewportcontroldemo\viewportcontroldemo.vcxproj" (build target(s)).

Build succeeded.

Time Elapsed 00:00:04.73
