C:\WORK_PROJ3\MEDIAPROGMFC\RELEASE\CHARTVIEWER.OBJ
C:\work_proj3\MediaProgMfc\Release\cl.command.1.tlog
C:\work_proj3\MediaProgMfc\Release\CL.read.1.tlog
C:\work_proj3\MediaProgMfc\Release\CL.write.1.tlog
C:\WORK_PROJ3\MEDIAPROGMFC\RELEASE\COLLECTIONDLG.OBJ
C:\WORK_PROJ3\MEDIAPROGMFC\RELEASE\CPROJECT.OBJ
C:\WORK_PROJ3\MEDIAPROGMFC\RELEASE\FEEDFORWARD_NEURAL_NETWORK.OBJ
C:\WORK_PROJ3\MEDIAPROGMFC\RELEASE\FILTERTUNER.OBJ
C:\work_proj3\MediaProgMfc\Release\link.command.1.tlog
C:\work_proj3\MediaProgMfc\Release\link.read.1.tlog
C:\work_proj3\MediaProgMfc\Release\link.write.1.tlog
C:\work_proj3\MediaProgMfc\Release\link-cvtres.read.1.tlog
C:\work_proj3\MediaProgMfc\Release\link-cvtres.write.1.tlog
C:\work_proj3\MediaProgMfc\Release\Media.exe.intermediate.manifest
C:\WORK_PROJ3\MEDIAPROGMFC\RELEASE\MEDIA.OBJ
C:\WORK_PROJ3\MEDIAPROGMFC\RELEASE\MEDIA.PCH
C:\work_proj3\MediaProgMfc\Release\Media.pdb
C:\WORK_PROJ3\MEDIAPROGMFC\RELEASE\MEDIA.RES
C:\work_proj3\MediaProgMfc\Release\Media.write.1.tlog
C:\WORK_PROJ3\MEDIAPROGMFC\RELEASE\MEDIADLG.OBJ
C:\WORK_PROJ3\MEDIAPROGMFC\RELEASE\MEDIAHANDLER.OBJ
C:\WORK_PROJ3\MEDIAPROGMFC\RELEASE\NAMEDPIPE.OBJ
C:\WORK_PROJ3\MEDIAPROGMFC\RELEASE\NETWORKANALYZERCTR.OBJ
C:\WORK_PROJ3\MEDIAPROGMFC\RELEASE\PREDICTIONDLG.OBJ
C:\work_proj3\MediaProgMfc\Release\rc.command.1.tlog
C:\work_proj3\MediaProgMfc\Release\rc.read.1.tlog
C:\work_proj3\MediaProgMfc\Release\rc.write.1.tlog
C:\WORK_PROJ3\MEDIAPROGMFC\RELEASE\RPROP.OBJ
C:\WORK_PROJ3\MEDIAPROGMFC\RELEASE\RPROP_NETWORK.OBJ
C:\WORK_PROJ3\MEDIAPROGMFC\RELEASE\SOCKETCOMM.OBJ
C:\WORK_PROJ3\MEDIAPROGMFC\RELEASE\STDAFX.OBJ
C:\WORK_PROJ3\MEDIAPROGMFC\RELEASE\TINYXML2.OBJ
C:\WORK_PROJ3\MEDIAPROGMFC\RELEASE\VC100.PDB
